Fri Apr 14 14:04:50 CEST 2023
anxiety 20 0.943 [0.937 0.949]
bit 10 0.920 [0.911 0.929]
cfc 12 0.837 [0.818 0.854]
dts 15 0.935 [0.928 0.942]
fos 15 0.825 [0.805 0.843]
ius 12 0.916 [0.907 0.925]
lifreg 9 0.848 [0.831 0.864]
ptp 24 0.961 [0.956 0.965]
reg 5 0.764 [0.735 0.79 ]
satis 5 0.912 [0.901 0.922]
uppsp 59 0.934 [0.926 0.94 ]
apathy 4 0.847 [0.828 0.865]
bis 11 0.723 [0.692 0.753]
dospert. 30 0.872 [0.858 0.886]
dospert-eb. 30 0.879 [0.866 0.892]
dospert-rp. 30 0.897 [0.886 0.908]
eat 4 0.879 [0.863 0.893]
leb 26 0.945 [0.939 0.951]
ocir 11 0.870 [0.856 0.884]
zung 8 0.864 [0.848 0.879]
