Thu Mar 30 22:13:40 CEST 2023
                                           Model Name  ...         bic
5   $w_{back.}, w_{depth}, w_{dist.}, w_{forw.}, w...  ...  6857.18779
20  $w_{depth}, w_{dist.}, w_{forw.}, w_{eff.}$ wi...  ...  6861.65436
4   $w_{back.}, w_{depth}, w_{dist.}, w_{forw.}$ w...  ...  6977.43306
19     $w_{depth}, w_{dist.}, w_{forw.}$ with $\beta$  ...  6982.03676
12  $w_{back.}, w_{dist.}, w_{forw.}, w_{eff.}$ wi...  ...  6998.13938
27      $w_{dist.}, w_{forw.}, w_{eff.}$ with $\beta$  ...  7006.03540
8   $w_{back.}, w_{depth}, w_{forw.}, w_{eff.}$ wi...  ...  7223.56937
23      $w_{depth}, w_{forw.}, w_{eff.}$ with $\beta$  ...  7240.21357
11     $w_{back.}, w_{dist.}, w_{forw.}$ with $\beta$  ...  7431.67628
26                $w_{dist.}, w_{forw.}$ with $\beta$  ...  7436.42195
7      $w_{back.}, w_{depth}, w_{forw.}$ with $\beta$  ...  7608.19813
15      $w_{back.}, w_{forw.}, w_{eff.}$ with $\beta$  ...  7617.95430
22                $w_{depth}, w_{forw.}$ with $\beta$  ...  7624.96488
30                 $w_{forw.}, w_{eff.}$ with $\beta$  ...  7641.22893
3   $w_{back.}, w_{depth}, w_{dist.}, w_{eff.}$ wi...  ...  7730.95556
18      $w_{depth}, w_{dist.}, w_{eff.}$ with $\beta$  ...  7750.82420
10      $w_{back.}, w_{dist.}, w_{eff.}$ with $\beta$  ...  7857.33255
25                 $w_{dist.}, w_{eff.}$ with $\beta$  ...  7880.58983
2      $w_{back.}, w_{depth}, w_{dist.}$ with $\beta$  ...  7913.51764
17                $w_{depth}, w_{dist.}$ with $\beta$  ...  7943.63937
6       $w_{back.}, w_{depth}, w_{eff.}$ with $\beta$  ...  8022.56169
21                 $w_{depth}, w_{eff.}$ with $\beta$  ...  8054.68365
1                 $w_{back.}, w_{depth}$ with $\beta$  ...  8250.49707
9                 $w_{back.}, w_{dist.}$ with $\beta$  ...  8271.60645
16                           $w_{depth}$ with $\beta$  ...  8280.71405
24                           $w_{dist.}$ with $\beta$  ...  8301.87014
13                 $w_{back.}, w_{eff.}$ with $\beta$  ...  8449.79178
28                            $w_{eff.}$ with $\beta$  ...  8486.65558
14                $w_{back.}, w_{forw.}$ with $\beta$  ...  8542.05450
29                           $w_{forw.}$ with $\beta$  ...  8558.84441
0                            $w_{back.}$ with $\beta$  ...  9056.71507
31                    Null (Given Costs) with $\beta$  ...  9087.07885

[32 rows x 18 columns]
Log Bayes factor approximation, difference between top two models
2.2332856127054583
Log Bayes factor approximation, difference between top and third models
60.122633695398235
