Thu Mar 30 22:13:33 CEST 2023
                                           Model Name  ...          bic
5   $w_{back.}, w_{depth}, w_{dist.}, w_{forw.}, w...  ...   8233.73722
20  $w_{depth}, w_{dist.}, w_{forw.}, w_{eff.}$ wi...  ...   8296.40989
12  $w_{back.}, w_{dist.}, w_{forw.}, w_{eff.}$ wi...  ...   8393.57320
4   $w_{back.}, w_{depth}, w_{dist.}, w_{forw.}$ w...  ...   8435.51476
27      $w_{dist.}, w_{forw.}, w_{eff.}$ with $\beta$  ...   8457.61554
19     $w_{depth}, w_{dist.}, w_{forw.}$ with $\beta$  ...   8499.99309
8   $w_{back.}, w_{depth}, w_{forw.}, w_{eff.}$ wi...  ...   8521.55588
23      $w_{depth}, w_{forw.}, w_{eff.}$ with $\beta$  ...   8600.16512
11     $w_{back.}, w_{dist.}, w_{forw.}$ with $\beta$  ...   8702.65117
15      $w_{back.}, w_{forw.}, w_{eff.}$ with $\beta$  ...   8732.39413
26                $w_{dist.}, w_{forw.}$ with $\beta$  ...   8768.64194
30                 $w_{forw.}, w_{eff.}$ with $\beta$  ...   8814.75962
7      $w_{back.}, w_{depth}, w_{forw.}$ with $\beta$  ...   9016.39727
22                $w_{depth}, w_{forw.}$ with $\beta$  ...   9088.69909
3   $w_{back.}, w_{depth}, w_{dist.}, w_{eff.}$ wi...  ...   9482.17613
18      $w_{depth}, w_{dist.}, w_{eff.}$ with $\beta$  ...   9557.07569
6       $w_{back.}, w_{depth}, w_{eff.}$ with $\beta$  ...   9671.09000
10      $w_{back.}, w_{dist.}, w_{eff.}$ with $\beta$  ...   9742.72822
21                 $w_{depth}, w_{eff.}$ with $\beta$  ...   9756.43239
2      $w_{back.}, w_{depth}, w_{dist.}$ with $\beta$  ...   9758.05383
25                 $w_{dist.}, w_{eff.}$ with $\beta$  ...   9819.18277
17                $w_{depth}, w_{dist.}$ with $\beta$  ...   9833.86569
9                 $w_{back.}, w_{dist.}$ with $\beta$  ...   9930.88001
24                           $w_{dist.}$ with $\beta$  ...  10008.05842
1                 $w_{back.}, w_{depth}$ with $\beta$  ...  10063.03720
16                           $w_{depth}$ with $\beta$  ...  10142.04085
14                $w_{back.}, w_{forw.}$ with $\beta$  ...  10352.89663
29                           $w_{forw.}$ with $\beta$  ...  10425.49122
13                 $w_{back.}, w_{eff.}$ with $\beta$  ...  10557.32126
28                            $w_{eff.}$ with $\beta$  ...  10643.50046
0                            $w_{back.}$ with $\beta$  ...  11403.25982
31                    Null (Given Costs) with $\beta$  ...  11478.08258

[32 rows x 18 columns]
Log Bayes factor approximation, difference between top two models
31.336336039532398
Log Bayes factor approximation, difference between top and third models
79.91799321312465
