Model & Expected number of participants best explained by the model & Model probability & Exceedance Probabilities \\ \hline
$w_{dist.}$ with $\beta$ & 25.60 & 0.17 & 0.52 \\
$w_{eff.}$ with $\beta$ & 23.18 & 0.16 & 0.29 \\
$w_{dist.}, w_{eff.}$ with $\beta$ & 21.28 & 0.14 & 0.17 \\
$w_{depth}, w_{dist.}, w_{forw.}$ with $\beta$ & 14.97 & 0.10 & 0.01 \\
Null & 11.51 & 0.08 & 0.00 \\
$w_{depth}, w_{dist.}$ with $\beta$ & 6.92 & 0.05 & 0.00 \\
$w_{dist.}, w_{forw.}$ with $\beta$ & 5.24 & 0.04 & 0.00 \\
$w_{depth}, w_{eff.}$ with $\beta$ & 3.49 & 0.03 & 0.00 \\
$w_{back.}, w_{forw.}, w_{eff.}$ with $\beta$ & 2.77 & 0.02 & 0.00 \\
$w_{depth}$ with $\beta$ & 2.60 & 0.02 & 0.00 \\
$w_{depth}, w_{dist.}, w_{forw.}, w_{eff.}$ with $\beta$ & 1.12 & 0.01 & 0.00 \\
$w_{back.}, w_{eff.}$ with $\beta$ & 0.97 & 0.01 & 0.00 \\
$w_{back.}, w_{depth}, w_{dist.}, w_{forw.}$ with $\beta$ & 0.86 & 0.01 & 0.00 \\
$w_{back.}, w_{dist.}, w_{forw.}$ with $\beta$ & 0.49 & 0.01 & 0.00 \\
$w_{back.}, w_{dist.}, w_{forw.}, w_{eff.}$ with $\beta$ & 0.20 & 0.01 & 0.00 \\
$w_{back.}, w_{depth}$ with $\beta$ & 0.17 & 0.01 & 0.00 \\
$w_{dist.}, w_{forw.}, w_{eff.}$ with $\beta$ & 0.12 & 0.01 & 0.00 \\
$w_{back.}, w_{depth}, w_{forw.}, w_{eff.}$ with $\beta$ & 0.11 & 0.01 & 0.00 \\
$w_{back.}, w_{dist.}$ with $\beta$ & 0.10 & 0.01 & 0.00 \\
$w_{depth}, w_{dist.}, w_{eff.}$ with $\beta$ & 0.05 & 0.01 & 0.00 \\
$w_{forw.}, w_{eff.}$ with $\beta$ & 0.05 & 0.01 & 0.00 \\
Null (Given Costs) with $\beta$ & 0.04 & 0.01 & 0.00 \\
$w_{back.}, w_{depth}, w_{eff.}$ with $\beta$ & 0.03 & 0.01 & 0.00 \\
$w_{back.}, w_{depth}, w_{dist.}$ with $\beta$ & 0.03 & 0.01 & 0.00 \\
$w_{depth}, w_{forw.}$ with $\beta$ & 0.02 & 0.01 & 0.00 \\
$w_{back.}, w_{dist.}, w_{eff.}$ with $\beta$ & 0.02 & 0.01 & 0.00 \\
$w_{back.}, w_{depth}, w_{forw.}$ with $\beta$ & 0.02 & 0.01 & 0.00 \\
$w_{back.}, w_{depth}, w_{dist.}, w_{forw.}, w_{eff.}$ with $\beta$ & 0.02 & 0.01 & 0.00 \\
$w_{depth}, w_{forw.}, w_{eff.}$ with $\beta$ & 0.01 & 0.01 & 0.00 \\
$w_{back.}, w_{depth}, w_{dist.}, w_{eff.}$ with $\beta$ & 0.01 & 0.01 & 0.00 \\
$w_{back.}$ with $\beta$ & 0.01 & 0.01 & 0.00 \\
$w_{back.}, w_{forw.}$ with $\beta$ & 0.00 & 0.01 & 0.00 \\
$w_{forw.}$ with $\beta$ & 0.00 & 0.01 & 0.00 \\
