Thu Mar 30 19:32:17 CEST 2023
==========
Number of participants, for top three models, where that model explains them the best (via meta-level action likelihoods)
----------
Counter({'$w_{back.}, w_{depth}, w_{dist.}, w_{forw.}, w_{eff.}$ with $\\beta$': 74, '$w_{back.}, w_{depth}, w_{dist.}, w_{forw.}$ with $\\beta$': 44, '$w_{depth}, w_{dist.}, w_{forw.}, w_{eff.}$ with $\\beta$': 4})
==========
----------
Difference between meta-level action likelihoods for best model and $w_{back.}, w_{depth}, w_{dist.}, w_{forw.}$ with $\beta$
----------
$W = 496.00$, $\text{RBC} = -0.77$, $p < 0.001$, two-sided; $M_{w_{back.}, w_{depth}, w_{dist.}, w_{forw.}, w_{eff.} with \beta} =0.407$; $M_{w_{back.}, w_{depth}, w_{dist.}, w_{forw.} with \beta} = 0.390$
----------
Difference between meta-level action likelihoods for best model and $w_{depth}, w_{dist.}, w_{forw.}, w_{eff.}$ with $\beta$
----------
$W = 57.00$, $\text{RBC} = -0.59$, $p = 0.014$, two-sided; $M_{w_{back.}, w_{depth}, w_{dist.}, w_{forw.}, w_{eff.} with \beta} =0.407$; $M_{w_{depth}, w_{dist.}, w_{forw.}, w_{eff.} with \beta} = 0.409$
==========
Meta-level action table
----------
$w_{back.}, w_{depth}, w_{dist.}, w_{forw.}, w_{eff.}$ with $\beta$ & 0.379 & 0.146 \\ 
$w_{depth}, w_{dist.}, w_{forw.}, w_{eff.}$ with $\beta$ & 0.377 & 0.147 \\ 
$w_{back.}, w_{depth}, w_{dist.}, w_{forw.}$ with $\beta$ & 0.359 & 0.143 \\ 
==========
Correlation between episode and meta-level action log likelihood
----------
$r(20) = 0.54$, $p = 0.015$, 95\%\ C.\ I.\: $[0.12, 0.79]$
