Number of strategies per participant in trial subset (1 is better)
       type
count
1        61
2        24
3        21
4        11
5         4
6         1
Into percentages for reporting
           type
count
1      0.500000
2      0.196721
3      0.172131
4      0.090164
5      0.032787
6      0.008197
Number of trials using mode strategy per participant in trial subset (20 is better)
       type
count
8         3
9         4
10        4
11        4
12        5
13        3
14        5
15       11
16        2
17        4
18        5
19       11
20       61
T-Test 1 vs number of strategies per participant
$t(121) = 8.96, p < 0.001$
$M: 1.984, SD: 1.213$
Most common strategies (strategy number, number of participants)
[(21, 74), (31, 7), (37, 6), (85, 4), (57, 3), (26, 2), (27, 2), (29, 2), (30, 2), (23, 2), (65, 2), (82, 2), (17, 2), (64, 1), (80, 1), (61, 1), (43, 1), (88, 1), (18, 1), (76, 1), (28, 1), (22, 1), (49, 1), (63, 1), (50, 1)]