Thu Mar 30 19:45:35 CEST 2023
==========
----------
Correlation between BIC and spread for forw_added_cost
----------
forw_added_cost
$r(122) = -0.18$, $p = 0.043$, 95\%\ C.\ I.\: $[-0.35, -0.01]$
----------
Correlation between BIC and MAP parameter value for forw_added_cost
----------
$r(122) = -0.61$, $p < 0.001$, 95\%\ C.\ I.\: $[-0.71, -0.48]$
----------
Correlation between parameter spread and MAP parameter value for forw_added_cost
----------
$r(122) = 0.19$, $p = 0.035$, 95\%\ C.\ I.\: $[0.01, 0.36]$
==========
----------
Correlation between BIC and spread for back_added_cost
----------
back_added_cost
$r(122) = 0.37$, $p < 0.001$, 95\%\ C.\ I.\: $[0.20, 0.51]$
----------
Correlation between BIC and MAP parameter value for back_added_cost
----------
$r(122) = -0.33$, $p < 0.001$, 95\%\ C.\ I.\: $[-0.48, -0.16]$
----------
Correlation between parameter spread and MAP parameter value for back_added_cost
----------
$r(122) = -0.40$, $p < 0.001$, 95\%\ C.\ I.\: $[-0.54, -0.24]$
==========
----------
Correlation between BIC and spread for given_cost
----------
given_cost
$r(122) = -0.14$, $p = 0.115$, 95\%\ C.\ I.\: $[-0.31, 0.04]$
----------
Correlation between BIC and MAP parameter value for given_cost
----------
$r(122) = -0.35$, $p < 0.001$, 95\%\ C.\ I.\: $[-0.50, -0.18]$
----------
Correlation between parameter spread and MAP parameter value for given_cost
----------
$r(122) = 0.30$, $p < 0.001$, 95\%\ C.\ I.\: $[0.13, 0.46]$
==========
----------
Correlation between BIC and spread for distance_multiplier
----------
distance_multiplier
$r(122) = 0.22$, $p = 0.016$, 95\%\ C.\ I.\: $[0.04, 0.38]$
----------
Correlation between BIC and MAP parameter value for distance_multiplier
----------
$r(122) = 0.28$, $p = 0.002$, 95\%\ C.\ I.\: $[0.10, 0.43]$
----------
Correlation between parameter spread and MAP parameter value for distance_multiplier
----------
$r(122) = 0.78$, $p < 0.001$, 95\%\ C.\ I.\: $[0.70, 0.84]$
==========
----------
Correlation between BIC and spread for depth_cost_weight
----------
depth_cost_weight
$r(122) = 0.00$, $p = 0.961$, 95\%\ C.\ I.\: $[-0.17, 0.18]$
----------
Correlation between BIC and MAP parameter value for depth_cost_weight
----------
$r(122) = 0.44$, $p < 0.001$, 95\%\ C.\ I.\: $[0.29, 0.58]$
----------
Correlation between parameter spread and MAP parameter value for depth_cost_weight
----------
$r(122) = 0.36$, $p < 0.001$, 95\%\ C.\ I.\: $[0.19, 0.50]$
==========
----------
Correlation between BIC and spread for temp
----------
temp
$r(122) = 0.15$, $p = 0.094$, 95\%\ C.\ I.\: $[-0.03, 0.32]$
----------
Correlation between BIC and MAP parameter value for temp
----------
$r(122) = 0.36$, $p < 0.001$, 95\%\ C.\ I.\: $[0.19, 0.50]$
----------
Correlation between parameter spread and MAP parameter value for temp
----------
$r(122) = 0.03$, $p = 0.764$, 95\%\ C.\ I.\: $[-0.15, 0.20]$
==========
----------
Correlation between BIC and spread for kappa
----------
kappa
Potentially no variance of one parameter...
----------
Correlation between BIC and MAP parameter value for kappa
----------
Potentially no variance of one parameter...
----------
Correlation between parameter spread and MAP parameter value for kappa
----------
Potentially no variance of one parameter...
==========
----------
Correlation between BIC and spread for gamma
----------
gamma
Potentially no variance of one parameter...
----------
Correlation between BIC and MAP parameter value for gamma
----------
Potentially no variance of one parameter...
----------
Correlation between parameter spread and MAP parameter value for gamma
----------
Potentially no variance of one parameter...
