----------
Statistics for spread of parameter: static_cost_weight
----------
$M: 5.50, SD: 3.62$
----------
Statistics for spread of parameter: depth_cost_weight
----------
$M: 2.52, SD: 1.89$
----------
Statistics for spread of parameter: temp
----------
$M: 2.19, SD: 3.54$
----------
Correlation between spread of static_cost_weight and temperature
----------
$r(143000) = 0.24, p < 0.001, 95\%\ C.\ I.\: [0.24, 0.25]$
----------
Correlation between spread of depth_cost_weight and temperature
----------
$r(143000) = 0.23, p < 0.001, 95\%\ C.\ I.\: [0.23, 0.24]$
----------
Correlation between spread of temp and temperature
----------
$r(143000) = 0.40, p < 0.001, 95\%\ C.\ I.\: [0.40, 0.41]$
----------
Amount of time true static_cost_weight is in the outputted interval
----------
0.91
----------
Amount of time true depth_cost_weight is in the outputted interval
----------
0.83
----------
Amount of time true temp is in the outputted interval
----------
0.70
[ True False]
----------
Difference between error when true static_cost_weight parameter value is in outputted interval vs not.
----------
Mann-Whitney $U=230884007.50, p < 0.001$, two-sided
----------
Correlation between error in MAP estimate and spread for static_cost_weight
----------
$r(143000) = 0.53, p < 0.001, 95\%\ C.\ I.\: [0.53, 0.53]$
----------
Correlation between MAP estimate and spread for static_cost_weight
----------
$r(143000) = 0.20, p < 0.001, 95\%\ C.\ I.\: [0.20, 0.21]$
----------
Correlation between true value and spread for static_cost_weight
----------
$r(143000) = 0.24, p < 0.001, 95\%\ C.\ I.\: [0.23, 0.24]$
----------
Difference between error when true depth_cost_weight parameter value is in outputted interval vs not.
----------
Mann-Whitney $U=249764863.00, p < 0.001$, two-sided
----------
Correlation between error in MAP estimate and spread for depth_cost_weight
----------
$r(143000) = 0.44, p < 0.001, 95\%\ C.\ I.\: [0.44, 0.44]$
----------
Correlation between MAP estimate and spread for depth_cost_weight
----------
$r(143000) = -0.01, p < 0.001, 95\%\ C.\ I.\: [-0.02, -0.01]$
----------
Correlation between true value and spread for depth_cost_weight
----------
$r(143000) = -0.01, p < 0.001, 95\%\ C.\ I.\: [-0.02, -0.01]$
----------
Difference between error when true temp parameter value is in outputted interval vs not.
----------
Mann-Whitney $U=120085568.00, p < 0.001$, two-sided
----------
Correlation between error in MAP estimate and spread for temp
----------
$r(143000) = 0.39, p < 0.001, 95\%\ C.\ I.\: [0.39, 0.40]$
----------
Correlation between MAP estimate and spread for temp
----------
$r(143000) = 0.45, p < 0.001, 95\%\ C.\ I.\: [0.45, 0.46]$
----------
Correlation between true value and spread for temp
----------
$r(143000) = 0.40, p < 0.001, 95\%\ C.\ I.\: [0.40, 0.41]$
