----------
Difference in behavior between test and fairy blocks: pctg_late
----------
            W-val alternative     p-val       RBC      CLES
Wilcoxon  16426.5   two-sided  0.175287 -0.095333  0.497594
----------
Difference in behavior between test and fairy blocks: clicks
----------
           W-val alternative         p-val       RBC      CLES
Wilcoxon  2867.5   two-sided  5.473011e-42 -0.884036  0.224264
==========
----------
ANOVA results for dv: pctg_late, between: DEPTH, within: block
----------
DEPTH: $F(3, 331) = 2.31, p > 0.05$
block: $F(1, 331) = 13.94, p < 0.001$
Interaction: $F(3, 331) = 4.09, p < 0.01$

----------
ANOVA results for dv: pctg_late, between: block order, within: block
----------
FAIRY_GOD_CONDITION: $F(1, 333) = 0.02, p > 0.05$
block: $F(1, 333) = 14.16, p < 0.001$
Interaction: $F(1, 333) = 15.74, p < 0.001$

==========
----------
Correlation between pctg_late and DEPTH for block: fairy
----------
Spearman's $\rho(335) = -0.06, p > 0.05, 95\%\ C.\ I.\: [-0.17, 0.04]$
----------
Correlation between pctg_late and DEPTH for block: test
----------
Spearman's $\rho(335) = -0.19, p < 0.001, 95\%\ C.\ I.\: [-0.29, -0.09]$
----------
Correlation between pctg_late and DEPTH for block: training
----------
Spearman's $\rho(335) = -0.10, p > 0.05, 95\%\ C.\ I.\: [-0.20, 0.01]$
----------
ANOVA results for dv: clicks, between: COST, within: block
----------
COST: $F(2, 332) = 0.56, p > 0.05$
block: $F(1, 332) = 236.01, p < 0.001$
Interaction: $F(2, 332) = 3.42, p = 0.03$

----------
ANOVA results for dv: clicks, between: block order, within: block
----------
FAIRY_GOD_CONDITION: $F(1, 333) = 0.52, p > 0.05$
block: $F(1, 333) = 235.61, p < 0.001$
Interaction: $F(1, 333) = 5.27, p = 0.02$

==========
----------
Correlation between clicks and COST for block: fairy
----------
Spearman's $\rho(335) = 0.09, p > 0.05, 95\%\ C.\ I.\: [-0.02, 0.19]$
----------
Correlation between clicks and COST for block: test
----------
Spearman's $\rho(335) = -0.07, p > 0.05, 95\%\ C.\ I.\: [-0.18, 0.04]$
----------
Correlation between clicks and COST for block: training
----------
Spearman's $\rho(335) = -0.07, p > 0.05, 95\%\ C.\ I.\: [-0.17, 0.04]$
Difference in block order for clicks in fairy block
Mann-Whitney $U=12711.00, p > 0.05$, two-sided
Difference in block order for clicks in test block
Mann-Whitney $U=14997.00, p > 0.05$, two-sided
Difference in block order for clicks in training block
Mann-Whitney $U=13908.00, p > 0.05$, two-sided
