Error importing rpy2: cannot import name 'ri2py' from 'rpy2.robjects.conversion' (/work/vfelso/planning-depth-differences/env/lib/python3.8/site-packages/rpy2/robjects/conversion.py)
Number of strategies per participant in trial subset (1 is better)
       type
count      
1       103
2        60
3        35
4        18
5        15
6         8
7         5
8         1
9         1
10        1
11        1
Into percentags for reporting
           type
count          
1      0.415323
2      0.241935
3      0.141129
4      0.072581
5      0.060484
6      0.032258
7      0.020161
8      0.004032
9      0.004032
10     0.004032
11     0.004032
Number of trials using mode strategy per participant in trial subset (20 is better)
       type
count      
4         1
5         2
6         5
7         5
8        10
9        12
10       11
11        6
12       11
13       10
14       13
15       13
16        9
17       15
18       10
19       12
20      103
T-Test 1 vs number of strategies per participant
$t(247) = 12.37, p < 0.001$
$M: 2.403, SD: 1.786$
Most common strategies (strategy number, number of participants)
[(21, 92), (30, 40), (31, 19), (57, 8), (76, 8), (23, 8), (17, 7), (27, 7), (65, 6), (67, 5), (37, 5), (22, 4), (26, 4), (4, 3), (16, 3), (50, 3), (54, 2), (78, 2), (79, 2), (11, 2), (43, 2), (18, 1), (6, 1), (42, 1), (28, 1), (24, 1), (56, 1), (12, 1), (33, 1), (49, 1), (87, 1), (63, 1), (88, 1), (85, 1), (70, 1), (40, 1), (82, 1)]
