==========
Number of participants, for each model, where that model explains them the best (via meta-level action likelihoods)
----------
Counter({'Distance and Effort Costs': 48, 'Effort Cost Only': 26, 'Distance Cost Only': 23, 'Effort Cost and Planning Depth': 19, 'Planning Depth Only': 3, 'Null': 3})
==========
Number of participants, for top two models only, where that model explains them the best (via meta-level action likelihoods)
----------
Counter({'Distance and Effort Costs': 77, 'Effort Cost and Planning Depth': 45})
==========
----------
Difference between meta-level action likelihoods for best model and Distance Cost Only
----------
M_{\text{Distance Cost Only}} = 0.02
M_{\text{Effort Cost and Planning Depth}} =0.02
$W = 2342.00, RBC = -0.31, p < 0.01$, two-sided
----------
Difference between meta-level action likelihoods for best model and Distance and Effort Costs
----------
M_{\text{Distance and Effort Costs}} = 0.02
M_{\text{Effort Cost and Planning Depth}} =0.02
$W = 746.00, RBC = -0.40, p < 0.01$, two-sided
----------
Difference between meta-level action likelihoods for best model and Effort Cost Only
----------
M_{\text{Effort Cost Only}} = 0.02
M_{\text{Effort Cost and Planning Depth}} =0.02
$W = 2954.00, RBC = -0.19, p > 0.05$, two-sided
----------
Difference between meta-level action likelihoods for best model and Null
----------
M_{\text{Null}} = 0.00
M_{\text{Effort Cost and Planning Depth}} =0.02
$W = 130.00, RBC = -0.97, p < 0.001$, two-sided
----------
Difference between meta-level action likelihoods for best model and Null (Given Costs)
----------
M_{\text{Null (Given Costs)}} = 0.00
M_{\text{Effort Cost and Planning Depth}} =0.02
$W = 52.00, RBC = -0.99, p < 0.001$, two-sided
----------
Difference between meta-level action likelihoods for best model and Planning Depth Only
----------
M_{\text{Planning Depth Only}} = 0.02
M_{\text{Effort Cost and Planning Depth}} =0.02
$W = 1760.00, RBC = -0.48, p < 0.001$, two-sided
==========
Meta-level action table
----------
Effort Cost and Planning Depth & 0.033 & 0.126 \\ 
Distance Cost Only & 0.032 & 0.126 \\ 
Distance and Effort Costs & 0.032 & 0.126 \\ 
Planning Depth Only & 0.032 & 0.126 \\ 
Effort Cost Only & 0.015 & 0.013 \\ 
Null (Given Costs) & 0.004 & 0.005 \\ 
Null & 0.002 & 0.010 \\ 
==========
Correlation between episode number and meta-level action log likelihood
----------
$r(68) = 0.04, p > 0.05, 95\%\ C.\ I.\: [-0.20, 0.28]$
