static_cost_weight test in hdi (predictions) 0.70
depth_cost_weight test in hdi (predictions) 0.43
static_cost_weight fairy in hdi (predictions) 0.50
depth_cost_weight fairy in hdi (predictions) 0.22
----------
Test vs fairy block spreads for parameter static_cost_weight
----------
$W = 5650.50, RBC = -0.70, p < 0.001$, two-sided
test block ($M: 8.44, SD: 3.64$)
baseline block ($M: 5.37, SD: 3.64$) 
----------
Test vs fairy block spreads for parameter depth_cost_weight
----------
$W = 7876.50, RBC = -0.57, p < 0.001$, two-sided
test block ($M: 3.01, SD: 1.62$)
baseline block ($M: 2.05, SD: 1.48$) 
----------
Test vs fairy block spreads for parameter temp
----------
$W = 13218.50, RBC = -0.25, p < 0.001$, two-sided
test block ($M: 1.04, SD: 0.83$)
baseline block ($M: 0.90, SD: 1.01$) 
static_cost_weight test
Mann-Whitney $U=5022.50, p < 0.001$, two-sided
Spread in test block vs MAP error static_cost_weight
$r(335) = -0.10, p > 0.05, 95\%\ C.\ I.\: [-0.21, 0.01]$
depth_cost_weight test
Mann-Whitney $U=4587.00, p < 0.001$, two-sided
Spread in test block vs MAP error depth_cost_weight
$r(335) = 0.08, p > 0.05, 95\%\ C.\ I.\: [-0.03, 0.18]$
static_cost_weight fairy
Mann-Whitney $U=5070.00, p < 0.001$, two-sided
Spread in fairy block vs MAP error static_cost_weight
$r(335) = -0.15, p < 0.01, 95\%\ C.\ I.\: [-0.25, -0.04]$
depth_cost_weight fairy
Mann-Whitney $U=1282.50, p < 0.001$, two-sided
Spread in fairy block vs MAP error depth_cost_weight
$r(335) = 0.09, p > 0.05, 95\%\ C.\ I.\: [-0.02, 0.19]$
static_cost_weight test in hdi (predictions, regression) 0.77
----------
Difference in spread when true parameter is contained vs not, block test parameter static_cost_weight
----------
Mann-Whitney $U=11253.50, p > 0.05$, two-sided
depth_cost_weight test in hdi (predictions, regression) 0.41
----------
Difference in spread when true parameter is contained vs not, block test parameter depth_cost_weight
----------
Mann-Whitney $U=17199.00, p < 0.001$, two-sided
----------
Correlation between parameter spread in test block and error in recovery, static_cost_weight
----------
$r(335) = 0.13, p = 0.02, 95\%\ C.\ I.\: [0.02, 0.23]$
----------
Correlation between inferred temperature and parameter spread in test block, static_cost_weight
----------
$r(335) = -0.30, p < 0.001, 95\%\ C.\ I.\: [-0.39, -0.20]$
----------
Correlation between inferred temperature and error in recovery, static_cost_weight
----------
$r(335) = -0.15, p < 0.01, 95\%\ C.\ I.\: [-0.25, -0.04]$
----------
Correlation between regression estimate DEPTH and parameter spread in test block, static_cost_weight
----------
$r(335) = 0.33, p < 0.001, 95\%\ C.\ I.\: [0.24, 0.43]$
----------
Correlation between given parameter DEPTH and parameter spread in test block, static_cost_weight
----------
$r(335) = 0.29, p < 0.001, 95\%\ C.\ I.\: [0.19, 0.39]$
----------
Correlation between parameter spread in test block and error in recovery, depth_cost_weight
----------
$r(335) = 0.13, p = 0.02, 95\%\ C.\ I.\: [0.02, 0.23]$
----------
Correlation between inferred temperature and parameter spread in test block, depth_cost_weight
----------
$r(335) = -0.38, p < 0.001, 95\%\ C.\ I.\: [-0.47, -0.28]$
----------
Correlation between inferred temperature and error in recovery, depth_cost_weight
----------
$r(335) = -0.01, p > 0.05, 95\%\ C.\ I.\: [-0.11, 0.10]$
----------
Correlation between regression estimate DEPTH and parameter spread in test block, depth_cost_weight
----------
$r(335) = 0.34, p < 0.001, 95\%\ C.\ I.\: [0.24, 0.43]$
----------
Correlation between given parameter DEPTH and parameter spread in test block, depth_cost_weight
----------
$r(335) = 0.15, p < 0.01, 95\%\ C.\ I.\: [0.04, 0.25]$
----------
Number of participants: 335
Spread in test block vs MAP for static_cost_weight
$r(335) = 0.47, p < 0.001, 95\%\ C.\ I.\: [0.38, 0.55]$
Spread in test block vs MAP for depth_cost_weight
$r(335) = 0.13, p = 0.02, 95\%\ C.\ I.\: [0.02, 0.23]$
Spread in test block vs MAP for temp
$r(335) = 0.32, p < 0.001, 95\%\ C.\ I.\: [0.22, 0.41]$
Correlation between linear regression output and HDI min static_cost_weight
$r(335) = -0.15, p < 0.01, 95\%\ C.\ I.\: [-0.25, -0.04]$
Correlation between linear regression output and HDI max static_cost_weight
$r(335) = 0.22, p < 0.001, 95\%\ C.\ I.\: [0.11, 0.32]$
Correlation between linear regression output and HDI min depth_cost_weight
$r(335) = 0.65, p < 0.001, 95\%\ C.\ I.\: [0.59, 0.71]$
Correlation between linear regression output and HDI max depth_cost_weight
$r(335) = 0.77, p < 0.001, 95\%\ C.\ I.\: [0.72, 0.81]$
----------
static_cost_weight, 5.0
----------
Avg cross val score: 0.49
----------
|--- feature_0 <= 6.75
|   |--- class: True
|--- feature_0 >  6.75
|   |--- class: True
,|--- feature_0 <= 6.47
|   |--- class: True
|--- feature_0 >  6.47
|   |--- class: True
,|--- feature_0 <= 6.81
|   |--- class: True
|--- feature_0 >  6.81
|   |--- class: True
,|--- feature_0 <= 6.75
|   |--- class: True
|--- feature_0 >  6.75
|   |--- class: True
,|--- feature_0 <= 4.66
|   |--- class: False
|--- feature_0 >  4.66
|   |--- class: True

----------
depth_cost_weight, 5.0
----------
Avg cross val score: 0.69
----------
|--- feature_0 <= 4.27
|   |--- class: False
|--- feature_0 >  4.27
|   |--- class: True
,|--- feature_0 <= 3.12
|   |--- class: False
|--- feature_0 >  3.12
|   |--- class: True
,|--- feature_0 <= 3.69
|   |--- class: False
|--- feature_0 >  3.69
|   |--- class: True
,|--- feature_0 <= 3.69
|   |--- class: False
|--- feature_0 >  3.69
|   |--- class: True
,|--- feature_0 <= 3.49
|   |--- class: False
|--- feature_0 >  3.49
|   |--- class: True

