Error importing rpy2: cannot import name 'ri2py' from 'rpy2.robjects.conversion' (/work/vfelso/planning-depth-differences/env/lib/python3.8/site-packages/rpy2/robjects/conversion.py)
/lustre/work/vfelso/planning-depth-differences/data/processed/methods_main/back_dist_depth_eff_forw/mle_and_map*.pickle
Model & Expected number of participants generated by model & Expectation of the posterior & Exceedance Probabilities \\ \hline
Distance, Effort, Depth and Forward Search Bonus & 28.68 & 0.19 & 0.57 \\
Distance and Effort Costs & 25.31 & 0.17 & 0.26 \\
Distance Cost Only & 23.19 & 0.16 & 0.14 \\
Effort Cost Only & 17.89 & 0.12 & 0.02 \\
Distance and Depth Costs & 7.42 & 0.05 & 0.00 \\
Effort Cost and Planning Depth & 4.06 & 0.03 & 0.00 \\
Distance, Effort and Forward Search Bonus & 1.33 & 0.02 & 0.00 \\
Distance and Forward Search Bonus & 2.50 & 0.02 & 0.00 \\
Planning Depth Only & 2.37 & 0.02 & 0.00 \\
Effort, Backward and Forward Search Bonus & 1.47 & 0.02 & 0.00 \\
Distance, Depth and Forward Search Bonus & 1.23 & 0.01 & 0.00 \\
Effort and Forward Search Bonus & 0.04 & 0.01 & 0.00 \\
Effort, Depth and Forward Search Bonus & 0.51 & 0.01 & 0.00 \\
Effort, Depth, Backward and Forward Search Bonus & 0.40 & 0.01 & 0.00 \\
Forward Search Bonus Only & 0.01 & 0.01 & 0.00 \\
Distance, Effort, Backward and Forward Search Bonus & 0.22 & 0.01 & 0.00 \\
Null (Given Costs) & 0.94 & 0.01 & 0.00 \\
Distance, Depth, Backward and Forward Search Bonus & 0.11 & 0.01 & 0.00 \\
All five & 0.07 & 0.01 & 0.00 \\
Distance, Depth and Effort Costs and Backward Search Bonus & 0.06 & 0.01 & 0.00 \\
Backward Search Bonus Only & 0.02 & 0.01 & 0.00 \\
Distance, Depth and Backward Search Bonus & 0.04 & 0.01 & 0.00 \\
Distance, Backward and Forward Search Bonus & 0.91 & 0.01 & 0.00 \\
Distance and Effort Costs and Backward Search Bonus & 0.05 & 0.01 & 0.00 \\
Distance and Backward Search Bonus & 0.36 & 0.01 & 0.00 \\
Depth, Backward and Forward Search Bonus & 0.06 & 0.01 & 0.00 \\
Depth and Forward Search Bonus & 0.75 & 0.01 & 0.00 \\
Depth and Effort Costs and Backward Search Bonus & 1.09 & 0.01 & 0.00 \\
Depth and Backward Search Bonus & 0.06 & 0.01 & 0.00 \\
Backward and Forward Search Bonus & 0.00 & 0.01 & 0.00 \\
Backward Search Bonus and Effort Cost & 0.10 & 0.01 & 0.00 \\
Distance, Depth and Effort Costs & 0.75 & 0.01 & 0.00 \\
