gamma,kappa
================================
Correlation of metric 'early' between simulated and real data, per participant
$r(122) = 0.80, p < 0.001, 95\%\ C.\ I.\: [0.72, 0.86]$
Correlation of metric 'middle' between simulated and real data, per participant
$r(122) = 0.83, p < 0.001, 95\%\ C.\ I.\: [0.76, 0.88]$
Correlation of metric 'late' between simulated and real data, per participant
$r(122) = 0.68, p < 0.001, 95\%\ C.\ I.\: [0.57, 0.77]$
Correlation of metric 'clicks' between simulated and real data, per participant
$r(122) = 0.71, p < 0.001, 95\%\ C.\ I.\: [0.61, 0.79]$
back_added_cost,gamma,kappa
================================
Correlation of metric 'early' between simulated and real data, per participant
$r(122) = 0.81, p < 0.001, 95\%\ C.\ I.\: [0.74, 0.86]$
Correlation of metric 'middle' between simulated and real data, per participant
$r(122) = 0.76, p < 0.001, 95\%\ C.\ I.\: [0.67, 0.82]$
Correlation of metric 'late' between simulated and real data, per participant
$r(122) = 0.69, p < 0.001, 95\%\ C.\ I.\: [0.59, 0.77]$
Correlation of metric 'clicks' between simulated and real data, per participant
$r(122) = 0.71, p < 0.001, 95\%\ C.\ I.\: [0.62, 0.79]$
gamma,given_cost,kappa
================================
Correlation of metric 'early' between simulated and real data, per participant
$r(122) = 0.77, p < 0.001, 95\%\ C.\ I.\: [0.69, 0.84]$
Correlation of metric 'middle' between simulated and real data, per participant
$r(122) = 0.79, p < 0.001, 95\%\ C.\ I.\: [0.71, 0.85]$
Correlation of metric 'late' between simulated and real data, per participant
$r(122) = 0.65, p < 0.001, 95\%\ C.\ I.\: [0.53, 0.74]$
Correlation of metric 'clicks' between simulated and real data, per participant
$r(122) = 0.69, p < 0.001, 95\%\ C.\ I.\: [0.58, 0.77]$
Full Friedman early
$\chi^2(2) = 5.428, p > 0.05$
Full Friedman middle
$\chi^2(2) = 10.782, p < 0.01$
Full Friedman late
$\chi^2(2) = 2.712, p > 0.05$
Full Friedman clicks
$\chi^2(2) = 4.553, p > 0.05$
Pair-wise table for early
$w_{back.}, w_{depth}, w_{dist.}, w_{forw.}, w_{eff.}$ with $\beta$ & $w_{depth}, w_{dist.}, w_{forw.}, w_{eff.}$ with $\beta$ & 1.984 \
$w_{back.}, w_{depth}, w_{dist.}, w_{forw.}, w_{eff.}$ with $\beta$ & $w_{back.}, w_{depth}, w_{dist.}, w_{forw.}$ with $\beta$ & 4.500^{*} \
$w_{depth}, w_{dist.}, w_{forw.}, w_{eff.}$ with $\beta$ & $w_{back.}, w_{depth}, w_{dist.}, w_{forw.}$ with $\beta$ & 1.080 \
$\chi^2(1) = 1.984, p > 0.05$
$\chi^2(1) = 4.500, p = 0.03$
$\chi^2(1) = 1.080, p > 0.05$
Pair-wise table for middle
$w_{back.}, w_{depth}, w_{dist.}, w_{forw.}, w_{eff.}$ with $\beta$ & $w_{depth}, w_{dist.}, w_{forw.}, w_{eff.}$ with $\beta$ & 7.333^{**} \
$w_{back.}, w_{depth}, w_{dist.}, w_{forw.}, w_{eff.}$ with $\beta$ & $w_{back.}, w_{depth}, w_{dist.}, w_{forw.}$ with $\beta$ & 1.000 \
$w_{depth}, w_{dist.}, w_{forw.}, w_{eff.}$ with $\beta$ & $w_{back.}, w_{depth}, w_{dist.}, w_{forw.}$ with $\beta$ & 7.839^{**} \
$\chi^2(1) = 7.333, p < 0.01$
$\chi^2(1) = 1.000, p > 0.05$
$\chi^2(1) = 7.839, p < 0.01$
Pair-wise table for late
$w_{back.}, w_{depth}, w_{dist.}, w_{forw.}, w_{eff.}$ with $\beta$ & $w_{depth}, w_{dist.}, w_{forw.}, w_{eff.}$ with $\beta$ & 0.154 \
$w_{back.}, w_{depth}, w_{dist.}, w_{forw.}, w_{eff.}$ with $\beta$ & $w_{back.}, w_{depth}, w_{dist.}, w_{forw.}$ with $\beta$ & 1.923 \
$w_{depth}, w_{dist.}, w_{forw.}, w_{eff.}$ with $\beta$ & $w_{back.}, w_{depth}, w_{dist.}, w_{forw.}$ with $\beta$ & 1.523 \
$\chi^2(1) = 0.154, p > 0.05$
$\chi^2(1) = 1.923, p > 0.05$
$\chi^2(1) = 1.523, p > 0.05$
Pair-wise table for clicks
$w_{back.}, w_{depth}, w_{dist.}, w_{forw.}, w_{eff.}$ with $\beta$ & $w_{depth}, w_{dist.}, w_{forw.}, w_{eff.}$ with $\beta$ & 0.485 \
$w_{back.}, w_{depth}, w_{dist.}, w_{forw.}, w_{eff.}$ with $\beta$ & $w_{back.}, w_{depth}, w_{dist.}, w_{forw.}$ with $\beta$ & 2.286 \
$w_{depth}, w_{dist.}, w_{forw.}, w_{eff.}$ with $\beta$ & $w_{back.}, w_{depth}, w_{dist.}, w_{forw.}$ with $\beta$ & 3.704 \
$\chi^2(1) = 0.485, p > 0.05$
$\chi^2(1) = 2.286, p > 0.05$
$\chi^2(1) = 3.704, p > 0.05$
Descriptive gamma,kappa, early difference
M=0.519, SD=0.454
Descriptive back_added_cost,gamma,kappa, early difference
M=0.498, SD=0.444
Descriptive gamma,given_cost,kappa, early difference
M=0.504, SD=0.449
Descriptive gamma,kappa, middle difference
M=0.372, SD=0.396
Descriptive back_added_cost,gamma,kappa, middle difference
M=0.416, SD=0.442
Descriptive gamma,given_cost,kappa, middle difference
M=0.383, SD=0.388
Descriptive gamma,kappa, late difference
M=0.564, SD=0.552
Descriptive back_added_cost,gamma,kappa, late difference
M=0.550, SD=0.540
Descriptive gamma,given_cost,kappa, late difference
M=0.612, SD=0.545
Descriptive gamma,kappa, clicks difference
M=1.909, SD=1.372
Descriptive back_added_cost,gamma,kappa, clicks difference
M=1.896, SD=1.356
Descriptive gamma,given_cost,kappa, clicks difference
M=1.966, SD=1.257
