----------
Correlation between forw_added_cost and BIC
----------
$r(729) = 0.24, p < 0.001, 95\%\ C.\ I.\: [0.17, 0.31]$
----------
Correlation between back_added_cost and BIC
----------
$r(729) = 0.29, p < 0.001, 95\%\ C.\ I.\: [0.23, 0.36]$
----------
Correlation between given_cost and BIC
----------
$r(729) = -0.59, p < 0.001, 95\%\ C.\ I.\: [-0.63, -0.54]$
----------
Correlation between distance_multiplier and BIC
----------
$r(729) = -0.58, p < 0.001, 95\%\ C.\ I.\: [-0.63, -0.53]$
----------
Correlation between depth_cost_weight and BIC
----------
$r(729) = 0.00, p > 0.05, 95\%\ C.\ I.\: [-0.07, 0.08]$
----------
Correlation between temp and BIC
----------
$r(729) = 0.65, p < 0.001, 95\%\ C.\ I.\: [0.61, 0.69]$
----------
Correlation between kappa and BIC
----------
Potentially no variance of one parameter...
----------
Correlation between gamma and BIC
----------
Potentially no variance of one parameter...
